# JRE version: Java(TM) SE Runtime Environment (8.0_131-b11) (build 1.8.0_131-b11)
# Java VM: Java HotSpot(TM) 64-Bit Server VM (25.131-b11 mixed mode windows-amd64 compressed oops)
Heap:
 PSYoungGen      total 270336K, used 79283K [0x00000000eb380000, 0x0000000100000000, 0x0000000100000000)
  eden space 200192K, 39% used [0x00000000eb380000,0x00000000f00ecf00,0x00000000f7700000)
  from space 70144K, 0% used [0x00000000f7700000,0x00000000f7700000,0x00000000fbb80000)
  to   space 67072K, 0% used [0x00000000fbe80000,0x00000000fbe80000,0x0000000100000000)
 ParOldGen       total 357888K, used 185180K [0x00000000c1a00000, 0x00000000d7780000, 0x00000000eb380000)
  object space 357888K, 51% used [0x00000000c1a00000,0x00000000cced7270,0x00000000d7780000)
 Metaspace       used 7141K, capacity 7640K, committed 7936K, reserved 1056768K
  class space    used 666K, capacity 720K, committed 768K, reserved 1048576K
GC Heap History (10 events):
Event: 9.274 GC heap before
{Heap before GC invocations=14 (full 2):
 PSYoungGen      total 276992K, used 255436K [0x00000000eb380000, 0x0000000100000000, 0x0000000100000000)
  eden space 220672K, 100% used [0x00000000eb380000,0x00000000f8b00000,0x00000000f8b00000)
  from space 56320K, 61% used [0x00000000f8b00000,0x00000000facf3320,0x00000000fc200000)
  to   space 57856K, 0% used [0x00000000fc780000,0x00000000fc780000,0x0000000100000000)
 ParOldGen       total 185344K, used 118826K [0x00000000c1a00000, 0x00000000ccf00000, 0x00000000eb380000)
  object space 185344K, 64% used [0x00000000c1a00000,0x00000000c8e0a878,0x00000000ccf00000)
 Metaspace       used 6759K, capacity 7352K, committed 7680K, reserved 1056768K
  class space    used 647K, capacity 688K, committed 768K, reserved 1048576K
Event: 9.359 GC heap after
Heap after GC invocations=14 (full 2):
 PSYoungGen      total 258048K, used 57846K [0x00000000eb380000, 0x0000000100000000, 0x0000000100000000)
  eden space 200192K, 0% used [0x00000000eb380000,0x00000000eb380000,0x00000000f7700000)
  from space 57856K, 99% used [0x00000000fc780000,0x00000000ffffd948,0x0000000100000000)
  to   space 70144K, 0% used [0x00000000f7700000,0x00000000f7700000,0x00000000fbb80000)
 ParOldGen       total 185344K, used 126076K [0x00000000c1a00000, 0x00000000ccf00000, 0x00000000eb380000)
  object space 185344K, 68% used [0x00000000c1a00000,0x00000000c951f390,0x00000000ccf00000)
 Metaspace       used 6759K, capacity 7352K, committed 7680K, reserved 1056768K
  class space    used 647K, capacity 688K, committed 768K, reserved 1048576K
}
Event: 10.655 GC heap before
{Heap before GC invocations=15 (full 2):
 PSYoungGen      total 258048K, used 258038K [0x00000000eb380000, 0x0000000100000000, 0x0000000100000000)
  eden space 200192K, 100% used [0x00000000eb380000,0x00000000f7700000,0x00000000f7700000)
  from space 57856K, 99% used [0x00000000fc780000,0x00000000ffffd948,0x0000000100000000)
  to   space 70144K, 0% used [0x00000000f7700000,0x00000000f7700000,0x00000000fbb80000)
 ParOldGen       total 185344K, used 126076K [0x00000000c1a00000, 0x00000000ccf00000, 0x00000000eb380000)
  object space 185344K, 68% used [0x00000000c1a00000,0x00000000c951f390,0x00000000ccf00000)
 Metaspace       used 6764K, capacity 7352K, committed 7680K, reserved 1056768K
  class space    used 648K, capacity 688K, committed 768K, reserved 1048576K
Event: 10.818 GC heap after
Heap after GC invocations=15 (full 2):
 PSYoungGen      total 270336K, used 30787K [0x00000000eb380000, 0x0000000100000000, 0x0000000100000000)
  eden space 200192K, 0% used [0x00000000eb380000,0x00000000eb380000,0x00000000f7700000)
  from space 70144K, 43% used [0x00000000f7700000,0x00000000f9510f28,0x00000000fbb80000)
  to   space 67072K, 0% used [0x00000000fbe80000,0x00000000fbe80000,0x0000000100000000)
 ParOldGen       total 185344K, used 183785K [0x00000000c1a00000, 0x00000000ccf00000, 0x00000000eb380000)
  object space 185344K, 99% used [0x00000000c1a00000,0x00000000ccd7a558,0x00000000ccf00000)
 Metaspace       used 6764K, capacity 7352K, committed 7680K, reserved 1056768K
  class space    used 648K, capacity 688K, committed 768K, reserved 1048576K
}
Event: 10.818 GC heap before
{Heap before GC invocations=16 (full 3):
 PSYoungGen      total 270336K, used 30787K [0x00000000eb380000, 0x0000000100000000, 0x0000000100000000)
  eden space 200192K, 0% used [0x00000000eb380000,0x00000000eb380000,0x00000000f7700000)
  from space 70144K, 43% used [0x00000000f7700000,0x00000000f9510f28,0x00000000fbb80000)
  to   space 67072K, 0% used [0x00000000fbe80000,0x00000000fbe80000,0x0000000100000000)
 ParOldGen       total 185344K, used 183785K [0x00000000c1a00000, 0x00000000ccf00000, 0x00000000eb380000)
  object space 185344K, 99% used [0x00000000c1a00000,0x00000000ccd7a558,0x00000000ccf00000)
 Metaspace       used 6764K, capacity 7352K, committed 7680K, reserved 1056768K
  class space    used 648K, capacity 688K, committed 768K, reserved 1048576K
Event: 12.086 GC heap after
Heap after GC invocations=16 (full 3):
 PSYoungGen      total 270336K, used 25446K [0x00000000eb380000, 0x0000000100000000, 0x0000000100000000)
  eden space 200192K, 0% used [0x00000000eb380000,0x00000000eb380000,0x00000000f7700000)
  from space 70144K, 36% used [0x00000000f7700000,0x00000000f8fd9918,0x00000000fbb80000)
  to   space 67072K, 0% used [0x00000000fbe80000,0x00000000fbe80000,0x0000000100000000)
 ParOldGen       total 185344K, used 185216K [0x00000000c1a00000, 0x00000000ccf00000, 0x00000000eb380000)
  object space 185344K, 99% used [0x00000000c1a00000,0x00000000ccee02c0,0x00000000ccf00000)
 Metaspace       used 6764K, capacity 7352K, committed 7680K, reserved 1056768K
  class space    used 648K, capacity 688K, committed 768K, reserved 1048576K
}
Event: 12.631 GC heap before
{Heap before GC invocations=17 (full 4):
 PSYoungGen      total 270336K, used 225638K [0x00000000eb380000, 0x0000000100000000, 0x0000000100000000)
  eden space 200192K, 100% used [0x00000000eb380000,0x00000000f7700000,0x00000000f7700000)
  from space 70144K, 36% used [0x00000000f7700000,0x00000000f8fd9918,0x00000000fbb80000)
  to   space 67072K, 0% used [0x00000000fbe80000,0x00000000fbe80000,0x0000000100000000)
 ParOldGen       total 185344K, used 185216K [0x00000000c1a00000, 0x00000000ccf00000, 0x00000000eb380000)
  object space 185344K, 99% used [0x00000000c1a00000,0x00000000ccee02c0,0x00000000ccf00000)
 Metaspace       used 6788K, capacity 7352K, committed 7680K, reserved 1056768K
  class space    used 649K, capacity 688K, committed 768K, reserved 1048576K
Event: 13.705 GC heap after
Heap after GC invocations=17 (full 4):
 PSYoungGen      total 270336K, used 55024K [0x00000000eb380000, 0x0000000100000000, 0x0000000100000000)
  eden space 200192K, 27% used [0x00000000eb380000,0x00000000ee93c100,0x00000000f7700000)
  from space 70144K, 0% used [0x00000000f7700000,0x00000000f7700000,0x00000000fbb80000)
  to   space 67072K, 0% used [0x00000000fbe80000,0x00000000fbe80000,0x0000000100000000)
 ParOldGen       total 185344K, used 185340K [0x00000000c1a00000, 0x00000000ccf00000, 0x00000000eb380000)
  object space 185344K, 99% used [0x00000000c1a00000,0x00000000cceff160,0x00000000ccf00000)
 Metaspace       used 6788K, capacity 7352K, committed 7680K, reserved 1056768K
  class space    used 649K, capacity 688K, committed 768K, reserved 1048576K
}
Event: 15.021 GC heap before
{Heap before GC invocations=18 (full 5):
 PSYoungGen      total 270336K, used 200192K [0x00000000eb380000, 0x0000000100000000, 0x0000000100000000)
  eden space 200192K, 100% used [0x00000000eb380000,0x00000000f7700000,0x00000000f7700000)
  from space 70144K, 0% used [0x00000000f7700000,0x00000000f7700000,0x00000000fbb80000)
  to   space 67072K, 0% used [0x00000000fbe80000,0x00000000fbe80000,0x0000000100000000)
 ParOldGen       total 185344K, used 185340K [0x00000000c1a00000, 0x00000000ccf00000, 0x00000000eb380000)
  object space 185344K, 99% used [0x00000000c1a00000,0x00000000cceff160,0x00000000ccf00000)
 Metaspace       used 7140K, capacity 7640K, committed 7936K, reserved 1056768K
  class space    used 666K, capacity 720K, committed 768K, reserved 1048576K
Event: 17.230 GC heap after
Heap after GC invocations=18 (full 5):
 PSYoungGen      total 270336K, used 77475K [0x00000000eb380000, 0x0000000100000000, 0x0000000100000000)
  eden space 200192K, 38% used [0x00000000eb380000,0x00000000eff28f80,0x00000000f7700000)
  from space 70144K, 0% used [0x00000000f7700000,0x00000000f7700000,0x00000000fbb80000)
  to   space 67072K, 0% used [0x00000000fbe80000,0x00000000fbe80000,0x0000000100000000)
 ParOldGen       total 357888K, used 185180K [0x00000000c1a00000, 0x00000000d7780000, 0x00000000eb380000)
  object space 357888K, 51% used [0x00000000c1a00000,0x00000000cced7270,0x00000000d7780000)
 Metaspace       used 7140K, capacity 7640K, committed 7936K, reserved 1056768K
  class space    used 666K, capacity 720K, committed 768K, reserved 1048576K
}

