# JRE version: Java(TM) SE Runtime Environment (8.0_131-b11) (build 1.8.0_131-b11)
# Java VM: Java HotSpot(TM) 64-Bit Server VM (25.131-b11 mixed mode windows-amd64 compressed oops)
Heap:
 PSYoungGen      total 269824K, used 78394K [0x00000000eb380000, 0x0000000100000000, 0x0000000100000000)
  eden space 199168K, 26% used [0x00000000eb380000,0x00000000ee6f0b50,0x00000000f7600000)
  from space 70656K, 36% used [0x00000000f7600000,0x00000000f8f1df80,0x00000000fbb00000)
  to   space 67584K, 0% used [0x00000000fbe00000,0x00000000fbe00000,0x0000000100000000)
 ParOldGen       total 297472K, used 188380K [0x00000000c1a00000, 0x00000000d3c80000, 0x00000000eb380000)
  object space 297472K, 63% used [0x00000000c1a00000,0x00000000cd1f7320,0x00000000d3c80000)
 Metaspace       used 6782K, capacity 7352K, committed 7680K, reserved 1056768K
  class space    used 648K, capacity 688K, committed 768K, reserved 1048576K
GC Heap History (10 events):
Event: 7.717 GC heap before
{Heap before GC invocations=12 (full 2):
 PSYoungGen      total 249344K, used 26095K [0x00000000eb380000, 0x0000000100000000, 0x0000000100000000)
  eden space 223232K, 0% used [0x00000000eb380000,0x00000000eb380000,0x00000000f8d80000)
  from space 26112K, 99% used [0x00000000fc400000,0x00000000fdd7bed0,0x00000000fdd80000)
  to   space 55808K, 0% used [0x00000000f8d80000,0x00000000f8d80000,0x00000000fc400000)
 ParOldGen       total 99328K, used 99011K [0x00000000c1a00000, 0x00000000c7b00000, 0x00000000eb380000)
  object space 99328K, 99% used [0x00000000c1a00000,0x00000000c7ab0db8,0x00000000c7b00000)
 Metaspace       used 6752K, capacity 7288K, committed 7424K, reserved 1056768K
  class space    used 646K, capacity 688K, committed 768K, reserved 1048576K
Event: 8.492 GC heap after
Heap after GC invocations=12 (full 2):
 PSYoungGen      total 249344K, used 21429K [0x00000000eb380000, 0x0000000100000000, 0x0000000100000000)
  eden space 223232K, 0% used [0x00000000eb380000,0x00000000eb380000,0x00000000f8d80000)
  from space 26112K, 82% used [0x00000000fc400000,0x00000000fd8ed4b0,0x00000000fdd80000)
  to   space 55808K, 0% used [0x00000000f8d80000,0x00000000f8d80000,0x00000000fc400000)
 ParOldGen       total 173056K, used 99281K [0x00000000c1a00000, 0x00000000cc300000, 0x00000000eb380000)
  object space 173056K, 57% used [0x00000000c1a00000,0x00000000c7af4780,0x00000000cc300000)
 Metaspace       used 6752K, capacity 7288K, committed 7424K, reserved 1056768K
  class space    used 646K, capacity 688K, committed 768K, reserved 1048576K
}
Event: 9.888 GC heap before
{Heap before GC invocations=13 (full 2):
 PSYoungGen      total 249344K, used 244661K [0x00000000eb380000, 0x0000000100000000, 0x0000000100000000)
  eden space 223232K, 100% used [0x00000000eb380000,0x00000000f8d80000,0x00000000f8d80000)
  from space 26112K, 82% used [0x00000000fc400000,0x00000000fd8ed4b0,0x00000000fdd80000)
  to   space 55808K, 0% used [0x00000000f8d80000,0x00000000f8d80000,0x00000000fc400000)
 ParOldGen       total 173056K, used 99281K [0x00000000c1a00000, 0x00000000cc300000, 0x00000000eb380000)
  object space 173056K, 57% used [0x00000000c1a00000,0x00000000c7af4780,0x00000000cc300000)
 Metaspace       used 6761K, capacity 7352K, committed 7680K, reserved 1056768K
  class space    used 647K, capacity 688K, committed 768K, reserved 1048576K
Event: 9.978 GC heap after
Heap after GC invocations=13 (full 2):
 PSYoungGen      total 279040K, used 35104K [0x00000000eb380000, 0x0000000100000000, 0x0000000100000000)
  eden space 223232K, 0% used [0x00000000eb380000,0x00000000eb380000,0x00000000f8d80000)
  from space 55808K, 62% used [0x00000000f8d80000,0x00000000fafc82a0,0x00000000fc400000)
  to   space 57344K, 0% used [0x00000000fc800000,0x00000000fc800000,0x0000000100000000)
 ParOldGen       total 173056K, used 120927K [0x00000000c1a00000, 0x00000000cc300000, 0x00000000eb380000)
  object space 173056K, 69% used [0x00000000c1a00000,0x00000000c9017d38,0x00000000cc300000)
 Metaspace       used 6761K, capacity 7352K, committed 7680K, reserved 1056768K
  class space    used 647K, capacity 688K, committed 768K, reserved 1048576K
}
Event: 11.118 GC heap before
{Heap before GC invocations=14 (full 2):
 PSYoungGen      total 279040K, used 258336K [0x00000000eb380000, 0x0000000100000000, 0x0000000100000000)
  eden space 223232K, 100% used [0x00000000eb380000,0x00000000f8d80000,0x00000000f8d80000)
  from space 55808K, 62% used [0x00000000f8d80000,0x00000000fafc82a0,0x00000000fc400000)
  to   space 57344K, 0% used [0x00000000fc800000,0x00000000fc800000,0x0000000100000000)
 ParOldGen       total 173056K, used 120927K [0x00000000c1a00000, 0x00000000cc300000, 0x00000000eb380000)
  object space 173056K, 69% used [0x00000000c1a00000,0x00000000c9017d38,0x00000000cc300000)
 Metaspace       used 6775K, capacity 7352K, committed 7680K, reserved 1056768K
  class space    used 647K, capacity 688K, committed 768K, reserved 1048576K
Event: 11.209 GC heap after
Heap after GC invocations=14 (full 2):
 PSYoungGen      total 256512K, used 57327K [0x00000000eb380000, 0x0000000100000000, 0x0000000100000000)
  eden space 199168K, 0% used [0x00000000eb380000,0x00000000eb380000,0x00000000f7600000)
  from space 57344K, 99% used [0x00000000fc800000,0x00000000ffffbd68,0x0000000100000000)
  to   space 70656K, 0% used [0x00000000f7600000,0x00000000f7600000,0x00000000fbb00000)
 ParOldGen       total 173056K, used 131007K [0x00000000c1a00000, 0x00000000cc300000, 0x00000000eb380000)
  object space 173056K, 75% used [0x00000000c1a00000,0x00000000c99efca0,0x00000000cc300000)
 Metaspace       used 6775K, capacity 7352K, committed 7680K, reserved 1056768K
  class space    used 647K, capacity 688K, committed 768K, reserved 1048576K
}
Event: 12.030 GC heap before
{Heap before GC invocations=15 (full 2):
 PSYoungGen      total 256512K, used 256495K [0x00000000eb380000, 0x0000000100000000, 0x0000000100000000)
  eden space 199168K, 100% used [0x00000000eb380000,0x00000000f7600000,0x00000000f7600000)
  from space 57344K, 99% used [0x00000000fc800000,0x00000000ffffbd68,0x0000000100000000)
  to   space 70656K, 0% used [0x00000000f7600000,0x00000000f7600000,0x00000000fbb00000)
 ParOldGen       total 173056K, used 131007K [0x00000000c1a00000, 0x00000000cc300000, 0x00000000eb380000)
  object space 173056K, 75% used [0x00000000c1a00000,0x00000000c99efca0,0x00000000cc300000)
 Metaspace       used 6780K, capacity 7352K, committed 7680K, reserved 1056768K
  class space    used 648K, capacity 688K, committed 768K, reserved 1048576K
Event: 12.202 GC heap after
Heap after GC invocations=15 (full 2):
 PSYoungGen      total 269824K, used 30059K [0x00000000eb380000, 0x0000000100000000, 0x0000000100000000)
  eden space 199168K, 0% used [0x00000000eb380000,0x00000000eb380000,0x00000000f7600000)
  from space 70656K, 42% used [0x00000000f7600000,0x00000000f935ae18,0x00000000fbb00000)
  to   space 67584K, 0% used [0x00000000fbe00000,0x00000000fbe00000,0x0000000100000000)
 ParOldGen       total 188416K, used 188284K [0x00000000c1a00000, 0x00000000cd200000, 0x00000000eb380000)
  object space 188416K, 99% used [0x00000000c1a00000,0x00000000cd1df220,0x00000000cd200000)
 Metaspace       used 6780K, capacity 7352K, committed 7680K, reserved 1056768K
  class space    used 648K, capacity 688K, committed 768K, reserved 1048576K
}
Event: 12.202 GC heap before
{Heap before GC invocations=16 (full 3):
 PSYoungGen      total 269824K, used 30059K [0x00000000eb380000, 0x0000000100000000, 0x0000000100000000)
  eden space 199168K, 0% used [0x00000000eb380000,0x00000000eb380000,0x00000000f7600000)
  from space 70656K, 42% used [0x00000000f7600000,0x00000000f935ae18,0x00000000fbb00000)
  to   space 67584K, 0% used [0x00000000fbe00000,0x00000000fbe00000,0x0000000100000000)
 ParOldGen       total 188416K, used 188284K [0x00000000c1a00000, 0x00000000cd200000, 0x00000000eb380000)
  object space 188416K, 99% used [0x00000000c1a00000,0x00000000cd1df220,0x00000000cd200000)
 Metaspace       used 6780K, capacity 7352K, committed 7680K, reserved 1056768K
  class space    used 648K, capacity 688K, committed 768K, reserved 1048576K
Event: 13.711 GC heap after
Heap after GC invocations=16 (full 3):
 PSYoungGen      total 269824K, used 25719K [0x00000000eb380000, 0x0000000100000000, 0x0000000100000000)
  eden space 199168K, 0% used [0x00000000eb380000,0x00000000eb380000,0x00000000f7600000)
  from space 70656K, 36% used [0x00000000f7600000,0x00000000f8f1df80,0x00000000fbb00000)
  to   space 67584K, 0% used [0x00000000fbe00000,0x00000000fbe00000,0x0000000100000000)
 ParOldGen       total 297472K, used 188380K [0x00000000c1a00000, 0x00000000d3c80000, 0x00000000eb380000)
  object space 297472K, 63% used [0x00000000c1a00000,0x00000000cd1f7320,0x00000000d3c80000)
 Metaspace       used 6780K, capacity 7352K, committed 7680K, reserved 1056768K
  class space    used 648K, capacity 688K, committed 768K, reserved 1048576K
}

