# JRE version: Java(TM) SE Runtime Environment (8.0_131-b11) (build 1.8.0_131-b11)
# Java VM: Java HotSpot(TM) 64-Bit Server VM (25.131-b11 mixed mode windows-amd64 compressed oops)
Heap:
 PSYoungGen      total 218624K, used 183423K [0x00000000eb380000, 0x00000000fdf00000, 0x0000000100000000)
  eden space 185344K, 81% used [0x00000000eb380000,0x00000000f46207d8,0x00000000f6880000)
  from space 33280K, 99% used [0x00000000f8f80000,0x00000000fafff4d0,0x00000000fb000000)
  to   space 39936K, 0% used [0x00000000f6880000,0x00000000f6880000,0x00000000f8f80000)
 ParOldGen       total 144896K, used 85756K [0x00000000c1a00000, 0x00000000ca780000, 0x00000000eb380000)
  object space 144896K, 59% used [0x00000000c1a00000,0x00000000c6dbf338,0x00000000ca780000)
 Metaspace       used 6758K, capacity 7352K, committed 7680K, reserved 1056768K
  class space    used 646K, capacity 688K, committed 768K, reserved 1048576K
GC Heap History (10 events):
Event: 3.175 GC heap before
{Heap before GC invocations=10 (full 1):
 PSYoungGen      total 144384K, used 16877K [0x00000000eb380000, 0x00000000fad00000, 0x0000000100000000)
  eden space 127488K, 0% used [0x00000000eb380000,0x00000000eb380000,0x00000000f3000000)
  from space 16896K, 99% used [0x00000000f3000000,0x00000000f407b4c8,0x00000000f4080000)
  to   space 25600K, 0% used [0x00000000f9400000,0x00000000f9400000,0x00000000fad00000)
 ParOldGen       total 44032K, used 42323K [0x00000000c1a00000, 0x00000000c4500000, 0x00000000eb380000)
  object space 44032K, 96% used [0x00000000c1a00000,0x00000000c4354ea8,0x00000000c4500000)
 Metaspace       used 6721K, capacity 7288K, committed 7424K, reserved 1056768K
  class space    used 646K, capacity 688K, committed 768K, reserved 1048576K
Event: 3.534 GC heap after
Heap after GC invocations=10 (full 1):
 PSYoungGen      total 144384K, used 11702K [0x00000000eb380000, 0x00000000fad00000, 0x0000000100000000)
  eden space 127488K, 0% used [0x00000000eb380000,0x00000000eb380000,0x00000000f3000000)
  from space 16896K, 69% used [0x00000000f3000000,0x00000000f3b6d890,0x00000000f4080000)
  to   space 25600K, 0% used [0x00000000f9400000,0x00000000f9400000,0x00000000fad00000)
 ParOldGen       total 82432K, used 43776K [0x00000000c1a00000, 0x00000000c6a80000, 0x00000000eb380000)
  object space 82432K, 53% used [0x00000000c1a00000,0x00000000c44c01d8,0x00000000c6a80000)
 Metaspace       used 6721K, capacity 7288K, committed 7424K, reserved 1056768K
  class space    used 646K, capacity 688K, committed 768K, reserved 1048576K
}
Event: 5.191 GC heap before
{Heap before GC invocations=11 (full 1):
 PSYoungGen      total 144384K, used 139190K [0x00000000eb380000, 0x00000000fad00000, 0x0000000100000000)
  eden space 127488K, 100% used [0x00000000eb380000,0x00000000f3000000,0x00000000f3000000)
  from space 16896K, 69% used [0x00000000f3000000,0x00000000f3b6d890,0x00000000f4080000)
  to   space 25600K, 0% used [0x00000000f9400000,0x00000000f9400000,0x00000000fad00000)
 ParOldGen       total 82432K, used 43776K [0x00000000c1a00000, 0x00000000c6a80000, 0x00000000eb380000)
  object space 82432K, 53% used [0x00000000c1a00000,0x00000000c44c01d8,0x00000000c6a80000)
 Metaspace       used 6747K, capacity 7288K, committed 7424K, reserved 1056768K
  class space    used 646K, capacity 688K, committed 768K, reserved 1048576K
Event: 5.237 GC heap after
Heap after GC invocations=11 (full 1):
 PSYoungGen      total 180736K, used 25580K [0x00000000eb380000, 0x00000000fad00000, 0x0000000100000000)
  eden space 155136K, 0% used [0x00000000eb380000,0x00000000eb380000,0x00000000f4b00000)
  from space 25600K, 99% used [0x00000000f9400000,0x00000000facfb188,0x00000000fad00000)
  to   space 31232K, 0% used [0x00000000f7000000,0x00000000f7000000,0x00000000f8e80000)
 ParOldGen       total 82432K, used 48316K [0x00000000c1a00000, 0x00000000c6a80000, 0x00000000eb380000)
  object space 82432K, 58% used [0x00000000c1a00000,0x00000000c492f158,0x00000000c6a80000)
 Metaspace       used 6747K, capacity 7288K, committed 7424K, reserved 1056768K
  class space    used 646K, capacity 688K, committed 768K, reserved 1048576K
}
Event: 5.851 GC heap before
{Heap before GC invocations=12 (full 1):
 PSYoungGen      total 180736K, used 180716K [0x00000000eb380000, 0x00000000fad00000, 0x0000000100000000)
  eden space 155136K, 100% used [0x00000000eb380000,0x00000000f4b00000,0x00000000f4b00000)
  from space 25600K, 99% used [0x00000000f9400000,0x00000000facfb188,0x00000000fad00000)
  to   space 31232K, 0% used [0x00000000f7000000,0x00000000f7000000,0x00000000f8e80000)
 ParOldGen       total 82432K, used 48316K [0x00000000c1a00000, 0x00000000c6a80000, 0x00000000eb380000)
  object space 82432K, 58% used [0x00000000c1a00000,0x00000000c492f158,0x00000000c6a80000)
 Metaspace       used 6751K, capacity 7288K, committed 7424K, reserved 1056768K
  class space    used 646K, capacity 688K, committed 768K, reserved 1048576K
Event: 5.915 GC heap after
Heap after GC invocations=12 (full 1):
 PSYoungGen      total 223232K, used 22304K [0x00000000eb380000, 0x00000000fb000000, 0x0000000100000000)
  eden space 192000K, 0% used [0x00000000eb380000,0x00000000eb380000,0x00000000f6f00000)
  from space 31232K, 71% used [0x00000000f7000000,0x00000000f85c8260,0x00000000f8e80000)
  to   space 33280K, 0% used [0x00000000f8f80000,0x00000000f8f80000,0x00000000fb000000)
 ParOldGen       total 82432K, used 73313K [0x00000000c1a00000, 0x00000000c6a80000, 0x00000000eb380000)
  object space 82432K, 88% used [0x00000000c1a00000,0x00000000c6198690,0x00000000c6a80000)
 Metaspace       used 6751K, capacity 7288K, committed 7424K, reserved 1056768K
  class space    used 646K, capacity 688K, committed 768K, reserved 1048576K
}
Event: 5.915 GC heap before
{Heap before GC invocations=13 (full 2):
 PSYoungGen      total 223232K, used 22304K [0x00000000eb380000, 0x00000000fb000000, 0x0000000100000000)
  eden space 192000K, 0% used [0x00000000eb380000,0x00000000eb380000,0x00000000f6f00000)
  from space 31232K, 71% used [0x00000000f7000000,0x00000000f85c8260,0x00000000f8e80000)
  to   space 33280K, 0% used [0x00000000f8f80000,0x00000000f8f80000,0x00000000fb000000)
 ParOldGen       total 82432K, used 73313K [0x00000000c1a00000, 0x00000000c6a80000, 0x00000000eb380000)
  object space 82432K, 88% used [0x00000000c1a00000,0x00000000c6198690,0x00000000c6a80000)
 Metaspace       used 6751K, capacity 7288K, committed 7424K, reserved 1056768K
  class space    used 646K, capacity 688K, committed 768K, reserved 1048576K
Event: 6.397 GC heap after
Heap after GC invocations=13 (full 2):
 PSYoungGen      total 223232K, used 10411K [0x00000000eb380000, 0x00000000fb000000, 0x0000000100000000)
  eden space 192000K, 0% used [0x00000000eb380000,0x00000000eb380000,0x00000000f6f00000)
  from space 31232K, 33% used [0x00000000f7000000,0x00000000f7a2aef0,0x00000000f8e80000)
  to   space 33280K, 0% used [0x00000000f8f80000,0x00000000f8f80000,0x00000000fb000000)
 ParOldGen       total 144896K, used 82057K [0x00000000c1a00000, 0x00000000ca780000, 0x00000000eb380000)
  object space 144896K, 56% used [0x00000000c1a00000,0x00000000c6a225d0,0x00000000ca780000)
 Metaspace       used 6751K, capacity 7288K, committed 7424K, reserved 1056768K
  class space    used 646K, capacity 688K, committed 768K, reserved 1048576K
}
Event: 7.193 GC heap before
{Heap before GC invocations=14 (full 2):
 PSYoungGen      total 223232K, used 202411K [0x00000000eb380000, 0x00000000fb000000, 0x0000000100000000)
  eden space 192000K, 100% used [0x00000000eb380000,0x00000000f6f00000,0x00000000f6f00000)
  from space 31232K, 33% used [0x00000000f7000000,0x00000000f7a2aef0,0x00000000f8e80000)
  to   space 33280K, 0% used [0x00000000f8f80000,0x00000000f8f80000,0x00000000fb000000)
 ParOldGen       total 144896K, used 82057K [0x00000000c1a00000, 0x00000000ca780000, 0x00000000eb380000)
  object space 144896K, 56% used [0x00000000c1a00000,0x00000000c6a225d0,0x00000000ca780000)
 Metaspace       used 6755K, capacity 7352K, committed 7680K, reserved 1056768K
  class space    used 646K, capacity 688K, committed 768K, reserved 1048576K
Event: 7.241 GC heap after
Heap after GC invocations=14 (full 2):
 PSYoungGen      total 218624K, used 33277K [0x00000000eb380000, 0x00000000fdf00000, 0x0000000100000000)
  eden space 185344K, 0% used [0x00000000eb380000,0x00000000eb380000,0x00000000f6880000)
  from space 33280K, 99% used [0x00000000f8f80000,0x00000000fafff4d0,0x00000000fb000000)
  to   space 39936K, 0% used [0x00000000f6880000,0x00000000f6880000,0x00000000f8f80000)
 ParOldGen       total 144896K, used 85756K [0x00000000c1a00000, 0x00000000ca780000, 0x00000000eb380000)
  object space 144896K, 59% used [0x00000000c1a00000,0x00000000c6dbf338,0x00000000ca780000)
 Metaspace       used 6755K, capacity 7352K, committed 7680K, reserved 1056768K
  class space    used 646K, capacity 688K, committed 768K, reserved 1048576K
}

