# JRE version: Java(TM) SE Runtime Environment (8.0_131-b11) (build 1.8.0_131-b11)
# Java VM: Java HotSpot(TM) 64-Bit Server VM (25.131-b11 mixed mode windows-amd64 compressed oops)
Heap:
 PSYoungGen      total 143872K, used 109407K [0x00000000eb380000, 0x00000000f5080000, 0x0000000100000000)
  eden space 129024K, 78% used [0x00000000eb380000,0x00000000f16e0000,0x00000000f3180000)
  from space 14848K, 51% used [0x00000000f3180000,0x00000000f38f7fd0,0x00000000f4000000)
  to   space 12800K, 0% used [0x00000000f4000000,0x00000000f4000000,0x00000000f4c80000)
 ParOldGen       total 86016K, used 43975K [0x00000000c1a00000, 0x00000000c6e00000, 0x00000000eb380000)
  object space 86016K, 51% used [0x00000000c1a00000,0x00000000c44f1e08,0x00000000c6e00000)
 Metaspace       used 6726K, capacity 7288K, committed 7424K, reserved 1056768K
  class space    used 646K, capacity 688K, committed 768K, reserved 1048576K
GC Heap History (10 events):
Event: 1.407 GC heap before
{Heap before GC invocations=4 (full 0):
 PSYoungGen      total 35328K, used 35315K [0x00000000eb380000, 0x00000000ef880000, 0x0000000100000000)
  eden space 32768K, 100% used [0x00000000eb380000,0x00000000ed380000,0x00000000ed380000)
  from space 2560K, 99% used [0x00000000ed380000,0x00000000ed5fce50,0x00000000ed600000)
  to   space 2560K, 0% used [0x00000000ef600000,0x00000000ef600000,0x00000000ef880000)
 ParOldGen       total 44032K, used 9125K [0x00000000c1a00000, 0x00000000c4500000, 0x00000000eb380000)
  object space 44032K, 20% used [0x00000000c1a00000,0x00000000c22e9468,0x00000000c4500000)
 Metaspace       used 6431K, capacity 7128K, committed 7424K, reserved 1056768K
  class space    used 623K, capacity 656K, committed 768K, reserved 1048576K
Event: 1.429 GC heap after
Heap after GC invocations=4 (full 0):
 PSYoungGen      total 68096K, used 2544K [0x00000000eb380000, 0x00000000ef880000, 0x0000000100000000)
  eden space 65536K, 0% used [0x00000000eb380000,0x00000000eb380000,0x00000000ef380000)
  from space 2560K, 99% used [0x00000000ef600000,0x00000000ef87c3e0,0x00000000ef880000)
  to   space 2560K, 0% used [0x00000000ef380000,0x00000000ef380000,0x00000000ef600000)
 ParOldGen       total 44032K, used 14489K [0x00000000c1a00000, 0x00000000c4500000, 0x00000000eb380000)
  object space 44032K, 32% used [0x00000000c1a00000,0x00000000c2826478,0x00000000c4500000)
 Metaspace       used 6431K, capacity 7128K, committed 7424K, reserved 1056768K
  class space    used 623K, capacity 656K, committed 768K, reserved 1048576K
}
Event: 2.021 GC heap before
{Heap before GC invocations=5 (full 0):
 PSYoungGen      total 68096K, used 68080K [0x00000000eb380000, 0x00000000ef880000, 0x0000000100000000)
  eden space 65536K, 100% used [0x00000000eb380000,0x00000000ef380000,0x00000000ef380000)
  from space 2560K, 99% used [0x00000000ef600000,0x00000000ef87c3e0,0x00000000ef880000)
  to   space 2560K, 0% used [0x00000000ef380000,0x00000000ef380000,0x00000000ef600000)
 ParOldGen       total 44032K, used 14489K [0x00000000c1a00000, 0x00000000c4500000, 0x00000000eb380000)
  object space 44032K, 32% used [0x00000000c1a00000,0x00000000c2826478,0x00000000c4500000)
 Metaspace       used 6520K, capacity 7192K, committed 7424K, reserved 1056768K
  class space    used 627K, capacity 656K, committed 768K, reserved 1048576K
Event: 2.046 GC heap after
Heap after GC invocations=5 (full 0):
 PSYoungGen      total 68096K, used 2537K [0x00000000eb380000, 0x00000000f4c80000, 0x0000000100000000)
  eden space 65536K, 0% used [0x00000000eb380000,0x00000000eb380000,0x00000000ef380000)
  from space 2560K, 99% used [0x00000000ef380000,0x00000000ef5fa718,0x00000000ef600000)
  to   space 12800K, 0% used [0x00000000f4000000,0x00000000f4000000,0x00000000f4c80000)
 ParOldGen       total 44032K, used 23379K [0x00000000c1a00000, 0x00000000c4500000, 0x00000000eb380000)
  object space 44032K, 53% used [0x00000000c1a00000,0x00000000c30d4c40,0x00000000c4500000)
 Metaspace       used 6520K, capacity 7192K, committed 7424K, reserved 1056768K
  class space    used 627K, capacity 656K, committed 768K, reserved 1048576K
}
Event: 2.373 GC heap before
{Heap before GC invocations=6 (full 0):
 PSYoungGen      total 68096K, used 68073K [0x00000000eb380000, 0x00000000f4c80000, 0x0000000100000000)
  eden space 65536K, 100% used [0x00000000eb380000,0x00000000ef380000,0x00000000ef380000)
  from space 2560K, 99% used [0x00000000ef380000,0x00000000ef5fa718,0x00000000ef600000)
  to   space 12800K, 0% used [0x00000000f4000000,0x00000000f4000000,0x00000000f4c80000)
 ParOldGen       total 44032K, used 23379K [0x00000000c1a00000, 0x00000000c4500000, 0x00000000eb380000)
  object space 44032K, 53% used [0x00000000c1a00000,0x00000000c30d4c40,0x00000000c4500000)
 Metaspace       used 6573K, capacity 7256K, committed 7424K, reserved 1056768K
  class space    used 627K, capacity 656K, committed 768K, reserved 1048576K
Event: 2.409 GC heap after
Heap after GC invocations=6 (full 0):
 PSYoungGen      total 141824K, used 12233K [0x00000000eb380000, 0x00000000f5080000, 0x0000000100000000)
  eden space 129024K, 0% used [0x00000000eb380000,0x00000000eb380000,0x00000000f3180000)
  from space 12800K, 95% used [0x00000000f4000000,0x00000000f4bf2728,0x00000000f4c80000)
  to   space 14848K, 0% used [0x00000000f3180000,0x00000000f3180000,0x00000000f4000000)
 ParOldGen       total 44032K, used 23379K [0x00000000c1a00000, 0x00000000c4500000, 0x00000000eb380000)
  object space 44032K, 53% used [0x00000000c1a00000,0x00000000c30d4c40,0x00000000c4500000)
 Metaspace       used 6573K, capacity 7256K, committed 7424K, reserved 1056768K
  class space    used 627K, capacity 656K, committed 768K, reserved 1048576K
}
Event: 3.126 GC heap before
{Heap before GC invocations=7 (full 0):
 PSYoungGen      total 141824K, used 141257K [0x00000000eb380000, 0x00000000f5080000, 0x0000000100000000)
  eden space 129024K, 100% used [0x00000000eb380000,0x00000000f3180000,0x00000000f3180000)
  from space 12800K, 95% used [0x00000000f4000000,0x00000000f4bf2728,0x00000000f4c80000)
  to   space 14848K, 0% used [0x00000000f3180000,0x00000000f3180000,0x00000000f4000000)
 ParOldGen       total 44032K, used 23379K [0x00000000c1a00000, 0x00000000c4500000, 0x00000000eb380000)
  object space 44032K, 53% used [0x00000000c1a00000,0x00000000c30d4c40,0x00000000c4500000)
 Metaspace       used 6619K, capacity 7256K, committed 7424K, reserved 1056768K
  class space    used 627K, capacity 656K, committed 768K, reserved 1048576K
Event: 3.204 GC heap after
Heap after GC invocations=7 (full 0):
 PSYoungGen      total 143872K, used 14840K [0x00000000eb380000, 0x00000000f5080000, 0x0000000100000000)
  eden space 129024K, 0% used [0x00000000eb380000,0x00000000eb380000,0x00000000f3180000)
  from space 14848K, 99% used [0x00000000f3180000,0x00000000f3ffe390,0x00000000f4000000)
  to   space 12800K, 0% used [0x00000000f4000000,0x00000000f4000000,0x00000000f4c80000)
 ParOldGen       total 44032K, used 39308K [0x00000000c1a00000, 0x00000000c4500000, 0x00000000eb380000)
  object space 44032K, 89% used [0x00000000c1a00000,0x00000000c40633e0,0x00000000c4500000)
 Metaspace       used 6619K, capacity 7256K, committed 7424K, reserved 1056768K
  class space    used 627K, capacity 656K, committed 768K, reserved 1048576K
}
Event: 3.204 GC heap before
{Heap before GC invocations=8 (full 1):
 PSYoungGen      total 143872K, used 14840K [0x00000000eb380000, 0x00000000f5080000, 0x0000000100000000)
  eden space 129024K, 0% used [0x00000000eb380000,0x00000000eb380000,0x00000000f3180000)
  from space 14848K, 99% used [0x00000000f3180000,0x00000000f3ffe390,0x00000000f4000000)
  to   space 12800K, 0% used [0x00000000f4000000,0x00000000f4000000,0x00000000f4c80000)
 ParOldGen       total 44032K, used 39308K [0x00000000c1a00000, 0x00000000c4500000, 0x00000000eb380000)
  object space 44032K, 89% used [0x00000000c1a00000,0x00000000c40633e0,0x00000000c4500000)
 Metaspace       used 6619K, capacity 7256K, committed 7424K, reserved 1056768K
  class space    used 627K, capacity 656K, committed 768K, reserved 1048576K
Event: 3.611 GC heap after
Heap after GC invocations=8 (full 1):
 PSYoungGen      total 143872K, used 7647K [0x00000000eb380000, 0x00000000f5080000, 0x0000000100000000)
  eden space 129024K, 0% used [0x00000000eb380000,0x00000000eb380000,0x00000000f3180000)
  from space 14848K, 51% used [0x00000000f3180000,0x00000000f38f7fd0,0x00000000f4000000)
  to   space 12800K, 0% used [0x00000000f4000000,0x00000000f4000000,0x00000000f4c80000)
 ParOldGen       total 86016K, used 43975K [0x00000000c1a00000, 0x00000000c6e00000, 0x00000000eb380000)
  object space 86016K, 51% used [0x00000000c1a00000,0x00000000c44f1e08,0x00000000c6e00000)
 Metaspace       used 6619K, capacity 7256K, committed 7424K, reserved 1056768K
  class space    used 627K, capacity 656K, committed 768K, reserved 1048576K
}

