# JRE version: Java(TM) SE Runtime Environment (8.0_131-b11) (build 1.8.0_131-b11)
# Java VM: Java HotSpot(TM) 64-Bit Server VM (25.131-b11 mixed mode windows-amd64 compressed oops)
Heap:
 PSYoungGen      total 224256K, used 122504K [0x00000000eb380000, 0x0000000100000000, 0x0000000100000000)
  eden space 172544K, 41% used [0x00000000eb380000,0x00000000ef8a9cf8,0x00000000f5c00000)
  from space 51712K, 99% used [0x00000000f5c00000,0x00000000f8e786e8,0x00000000f8e80000)
  to   space 105984K, 0% used [0x00000000f9880000,0x00000000f9880000,0x0000000100000000)
 ParOldGen       total 681472K, used 211294K [0x00000000c1a00000, 0x00000000eb380000, 0x00000000eb380000)
  object space 681472K, 31% used [0x00000000c1a00000,0x00000000ce8578f8,0x00000000eb380000)
 Metaspace       used 6821K, capacity 7352K, committed 7680K, reserved 1056768K
  class space    used 648K, capacity 688K, committed 768K, reserved 1048576K
GC Heap History (10 events):
Event: 213.183 GC heap before
{Heap before GC invocations=561 (full 549):
 PSYoungGen      total 206336K, used 172544K [0x00000000eb380000, 0x00000000fea80000, 0x0000000100000000)
  eden space 172544K, 100% used [0x00000000eb380000,0x00000000f5c00000,0x00000000f5c00000)
  from space 33792K, 0% used [0x00000000f8e80000,0x00000000f8e80000,0x00000000faf80000)
  to   space 51712K, 0% used [0x00000000f5c00000,0x00000000f5c00000,0x00000000f8e80000)
 ParOldGen       total 88576K, used 88565K [0x00000000c1a00000, 0x00000000c7080000, 0x00000000eb380000)
  object space 88576K, 99% used [0x00000000c1a00000,0x00000000c707d610,0x00000000c7080000)
 Metaspace       used 6813K, capacity 7352K, committed 7680K, reserved 1056768K
  class space    used 648K, capacity 688K, committed 768K, reserved 1048576K
Event: 213.522 GC heap after
Heap after GC invocations=561 (full 549):
 PSYoungGen      total 206336K, used 172543K [0x00000000eb380000, 0x00000000fea80000, 0x0000000100000000)
  eden space 172544K, 99% used [0x00000000eb380000,0x00000000f5bffe18,0x00000000f5c00000)
  from space 33792K, 0% used [0x00000000f8e80000,0x00000000f8e80000,0x00000000faf80000)
  to   space 51712K, 0% used [0x00000000f5c00000,0x00000000f5c00000,0x00000000f8e80000)
 ParOldGen       total 88576K, used 88565K [0x00000000c1a00000, 0x00000000c7080000, 0x00000000eb380000)
  object space 88576K, 99% used [0x00000000c1a00000,0x00000000c707d610,0x00000000c7080000)
 Metaspace       used 6813K, capacity 7352K, committed 7680K, reserved 1056768K
  class space    used 648K, capacity 688K, committed 768K, reserved 1048576K
}
Event: 213.522 GC heap before
{Heap before GC invocations=562 (full 550):
 PSYoungGen      total 206336K, used 172544K [0x00000000eb380000, 0x00000000fea80000, 0x0000000100000000)
  eden space 172544K, 100% used [0x00000000eb380000,0x00000000f5c00000,0x00000000f5c00000)
  from space 33792K, 0% used [0x00000000f8e80000,0x00000000f8e80000,0x00000000faf80000)
  to   space 51712K, 0% used [0x00000000f5c00000,0x00000000f5c00000,0x00000000f8e80000)
 ParOldGen       total 88576K, used 88565K [0x00000000c1a00000, 0x00000000c7080000, 0x00000000eb380000)
  object space 88576K, 99% used [0x00000000c1a00000,0x00000000c707d610,0x00000000c7080000)
 Metaspace       used 6813K, capacity 7352K, committed 7680K, reserved 1056768K
  class space    used 648K, capacity 688K, committed 768K, reserved 1048576K
Event: 213.918 GC heap after
Heap after GC invocations=562 (full 550):
 PSYoungGen      total 206336K, used 172543K [0x00000000eb380000, 0x00000000fea80000, 0x0000000100000000)
  eden space 172544K, 99% used [0x00000000eb380000,0x00000000f5bffeb8,0x00000000f5c00000)
  from space 33792K, 0% used [0x00000000f8e80000,0x00000000f8e80000,0x00000000faf80000)
  to   space 51712K, 0% used [0x00000000f5c00000,0x00000000f5c00000,0x00000000f8e80000)
 ParOldGen       total 88576K, used 88565K [0x00000000c1a00000, 0x00000000c7080000, 0x00000000eb380000)
  object space 88576K, 99% used [0x00000000c1a00000,0x00000000c707d610,0x00000000c7080000)
 Metaspace       used 6813K, capacity 7352K, committed 7680K, reserved 1056768K
  class space    used 648K, capacity 688K, committed 768K, reserved 1048576K
}
Event: 213.919 GC heap before
{Heap before GC invocations=563 (full 551):
 PSYoungGen      total 206336K, used 172544K [0x00000000eb380000, 0x00000000fea80000, 0x0000000100000000)
  eden space 172544K, 100% used [0x00000000eb380000,0x00000000f5c00000,0x00000000f5c00000)
  from space 33792K, 0% used [0x00000000f8e80000,0x00000000f8e80000,0x00000000faf80000)
  to   space 51712K, 0% used [0x00000000f5c00000,0x00000000f5c00000,0x00000000f8e80000)
 ParOldGen       total 88576K, used 88565K [0x00000000c1a00000, 0x00000000c7080000, 0x00000000eb380000)
  object space 88576K, 99% used [0x00000000c1a00000,0x00000000c707d610,0x00000000c7080000)
 Metaspace       used 6813K, capacity 7352K, committed 7680K, reserved 1056768K
  class space    used 648K, capacity 688K, committed 768K, reserved 1048576K
Event: 214.296 GC heap after
Heap after GC invocations=563 (full 551):
 PSYoungGen      total 206336K, used 172543K [0x00000000eb380000, 0x00000000fea80000, 0x0000000100000000)
  eden space 172544K, 99% used [0x00000000eb380000,0x00000000f5bffea0,0x00000000f5c00000)
  from space 33792K, 0% used [0x00000000f8e80000,0x00000000f8e80000,0x00000000faf80000)
  to   space 51712K, 0% used [0x00000000f5c00000,0x00000000f5c00000,0x00000000f8e80000)
 ParOldGen       total 88576K, used 88565K [0x00000000c1a00000, 0x00000000c7080000, 0x00000000eb380000)
  object space 88576K, 99% used [0x00000000c1a00000,0x00000000c707d610,0x00000000c7080000)
 Metaspace       used 6813K, capacity 7352K, committed 7680K, reserved 1056768K
  class space    used 648K, capacity 688K, committed 768K, reserved 1048576K
}
Event: 214.297 GC heap before
{Heap before GC invocations=564 (full 552):
 PSYoungGen      total 206336K, used 172544K [0x00000000eb380000, 0x00000000fea80000, 0x0000000100000000)
  eden space 172544K, 100% used [0x00000000eb380000,0x00000000f5c00000,0x00000000f5c00000)
  from space 33792K, 0% used [0x00000000f8e80000,0x00000000f8e80000,0x00000000faf80000)
  to   space 51712K, 0% used [0x00000000f5c00000,0x00000000f5c00000,0x00000000f8e80000)
 ParOldGen       total 88576K, used 88565K [0x00000000c1a00000, 0x00000000c7080000, 0x00000000eb380000)
  object space 88576K, 99% used [0x00000000c1a00000,0x00000000c707d610,0x00000000c7080000)
 Metaspace       used 6813K, capacity 7352K, committed 7680K, reserved 1056768K
  class space    used 648K, capacity 688K, committed 768K, reserved 1048576K
Event: 214.704 GC heap after
Heap after GC invocations=564 (full 552):
 PSYoungGen      total 206336K, used 172543K [0x00000000eb380000, 0x00000000fea80000, 0x0000000100000000)
  eden space 172544K, 99% used [0x00000000eb380000,0x00000000f5bfff60,0x00000000f5c00000)
  from space 33792K, 0% used [0x00000000f8e80000,0x00000000f8e80000,0x00000000faf80000)
  to   space 51712K, 0% used [0x00000000f5c00000,0x00000000f5c00000,0x00000000f8e80000)
 ParOldGen       total 681472K, used 88565K [0x00000000c1a00000, 0x00000000eb380000, 0x00000000eb380000)
  object space 681472K, 12% used [0x00000000c1a00000,0x00000000c707d610,0x00000000eb380000)
 Metaspace       used 6813K, capacity 7352K, committed 7680K, reserved 1056768K
  class space    used 648K, capacity 688K, committed 768K, reserved 1048576K
}
Event: 214.704 GC heap before
{Heap before GC invocations=565 (full 552):
 PSYoungGen      total 206336K, used 172543K [0x00000000eb380000, 0x00000000fea80000, 0x0000000100000000)
  eden space 172544K, 99% used [0x00000000eb380000,0x00000000f5bffff8,0x00000000f5c00000)
  from space 33792K, 0% used [0x00000000f8e80000,0x00000000f8e80000,0x00000000faf80000)
  to   space 51712K, 0% used [0x00000000f5c00000,0x00000000f5c00000,0x00000000f8e80000)
 ParOldGen       total 681472K, used 88565K [0x00000000c1a00000, 0x00000000eb380000, 0x00000000eb380000)
  object space 681472K, 12% used [0x00000000c1a00000,0x00000000c707d610,0x00000000eb380000)
 Metaspace       used 6813K, capacity 7352K, committed 7680K, reserved 1056768K
  class space    used 648K, capacity 688K, committed 768K, reserved 1048576K
Event: 214.913 GC heap after
Heap after GC invocations=565 (full 552):
 PSYoungGen      total 224256K, used 51681K [0x00000000eb380000, 0x0000000100000000, 0x0000000100000000)
  eden space 172544K, 0% used [0x00000000eb380000,0x00000000eb380000,0x00000000f5c00000)
  from space 51712K, 99% used [0x00000000f5c00000,0x00000000f8e786e8,0x00000000f8e80000)
  to   space 105984K, 0% used [0x00000000f9880000,0x00000000f9880000,0x0000000100000000)
 ParOldGen       total 681472K, used 211294K [0x00000000c1a00000, 0x00000000eb380000, 0x00000000eb380000)
  object space 681472K, 31% used [0x00000000c1a00000,0x00000000ce8578f8,0x00000000eb380000)
 Metaspace       used 6813K, capacity 7352K, committed 7680K, reserved 1056768K
  class space    used 648K, capacity 688K, committed 768K, reserved 1048576K
}

