# JRE version: Java(TM) SE Runtime Environment (8.0_131-b11) (build 1.8.0_131-b11)
# Java VM: Java HotSpot(TM) 64-Bit Server VM (25.131-b11 mixed mode windows-amd64 compressed oops)
Heap:
 PSYoungGen      total 143872K, used 45807K [0x00000000eb380000, 0x00000000fac00000, 0x0000000100000000)
  eden space 126976K, 27% used [0x00000000eb380000,0x00000000ed5c64b0,0x00000000f2f80000)
  from space 16896K, 63% used [0x00000000f2f80000,0x00000000f39f57d0,0x00000000f4000000)
  to   space 25600K, 0% used [0x00000000f9300000,0x00000000f9300000,0x00000000fac00000)
 ParOldGen       total 82944K, used 43984K [0x00000000c1a00000, 0x00000000c6b00000, 0x00000000eb380000)
  object space 82944K, 53% used [0x00000000c1a00000,0x00000000c44f4220,0x00000000c6b00000)
 Metaspace       used 6726K, capacity 7288K, committed 7424K, reserved 1056768K
  class space    used 646K, capacity 688K, committed 768K, reserved 1048576K
GC Heap History (10 events):
Event: 1.710 GC heap before
{Heap before GC invocations=6 (full 0):
 PSYoungGen      total 35328K, used 35305K [0x00000000eb380000, 0x00000000f0380000, 0x0000000100000000)
  eden space 32768K, 100% used [0x00000000eb380000,0x00000000ed380000,0x00000000ed380000)
  from space 2560K, 99% used [0x00000000ed380000,0x00000000ed5fa438,0x00000000ed600000)
  to   space 8192K, 0% used [0x00000000efb80000,0x00000000efb80000,0x00000000f0380000)
 ParOldGen       total 44032K, used 14815K [0x00000000c1a00000, 0x00000000c4500000, 0x00000000eb380000)
  object space 44032K, 33% used [0x00000000c1a00000,0x00000000c2877cc8,0x00000000c4500000)
 Metaspace       used 6506K, capacity 7192K, committed 7424K, reserved 1056768K
  class space    used 627K, capacity 656K, committed 768K, reserved 1048576K
Event: 1.724 GC heap after
Heap after GC invocations=6 (full 0):
 PSYoungGen      total 73728K, used 6664K [0x00000000eb380000, 0x00000000f0380000, 0x0000000100000000)
  eden space 65536K, 0% used [0x00000000eb380000,0x00000000eb380000,0x00000000ef380000)
  from space 8192K, 81% used [0x00000000efb80000,0x00000000f0202238,0x00000000f0380000)
  to   space 8192K, 0% used [0x00000000ef380000,0x00000000ef380000,0x00000000efb80000)
 ParOldGen       total 44032K, used 14815K [0x00000000c1a00000, 0x00000000c4500000, 0x00000000eb380000)
  object space 44032K, 33% used [0x00000000c1a00000,0x00000000c2877cc8,0x00000000c4500000)
 Metaspace       used 6506K, capacity 7192K, committed 7424K, reserved 1056768K
  class space    used 627K, capacity 656K, committed 768K, reserved 1048576K
}
Event: 2.096 GC heap before
{Heap before GC invocations=7 (full 0):
 PSYoungGen      total 73728K, used 72200K [0x00000000eb380000, 0x00000000f0380000, 0x0000000100000000)
  eden space 65536K, 100% used [0x00000000eb380000,0x00000000ef380000,0x00000000ef380000)
  from space 8192K, 81% used [0x00000000efb80000,0x00000000f0202238,0x00000000f0380000)
  to   space 8192K, 0% used [0x00000000ef380000,0x00000000ef380000,0x00000000efb80000)
 ParOldGen       total 44032K, used 14815K [0x00000000c1a00000, 0x00000000c4500000, 0x00000000eb380000)
  object space 44032K, 33% used [0x00000000c1a00000,0x00000000c2877cc8,0x00000000c4500000)
 Metaspace       used 6555K, capacity 7192K, committed 7424K, reserved 1056768K
  class space    used 627K, capacity 656K, committed 768K, reserved 1048576K
Event: 2.134 GC heap after
Heap after GC invocations=7 (full 0):
 PSYoungGen      total 73728K, used 8169K [0x00000000eb380000, 0x00000000f4c80000, 0x0000000100000000)
  eden space 65536K, 0% used [0x00000000eb380000,0x00000000eb380000,0x00000000ef380000)
  from space 8192K, 99% used [0x00000000ef380000,0x00000000efb7a6f0,0x00000000efb80000)
  to   space 12800K, 0% used [0x00000000f4000000,0x00000000f4000000,0x00000000f4c80000)
 ParOldGen       total 44032K, used 22078K [0x00000000c1a00000, 0x00000000c4500000, 0x00000000eb380000)
  object space 44032K, 50% used [0x00000000c1a00000,0x00000000c2f8f940,0x00000000c4500000)
 Metaspace       used 6555K, capacity 7192K, committed 7424K, reserved 1056768K
  class space    used 627K, capacity 656K, committed 768K, reserved 1048576K
}
Event: 2.520 GC heap before
{Heap before GC invocations=8 (full 0):
 PSYoungGen      total 73728K, used 73705K [0x00000000eb380000, 0x00000000f4c80000, 0x0000000100000000)
  eden space 65536K, 100% used [0x00000000eb380000,0x00000000ef380000,0x00000000ef380000)
  from space 8192K, 99% used [0x00000000ef380000,0x00000000efb7a6f0,0x00000000efb80000)
  to   space 12800K, 0% used [0x00000000f4000000,0x00000000f4000000,0x00000000f4c80000)
 ParOldGen       total 44032K, used 22078K [0x00000000c1a00000, 0x00000000c4500000, 0x00000000eb380000)
  object space 44032K, 50% used [0x00000000c1a00000,0x00000000c2f8f940,0x00000000c4500000)
 Metaspace       used 6598K, capacity 7256K, committed 7424K, reserved 1056768K
  class space    used 627K, capacity 656K, committed 768K, reserved 1048576K
Event: 2.545 GC heap after
Heap after GC invocations=8 (full 0):
 PSYoungGen      total 139776K, used 12777K [0x00000000eb380000, 0x00000000f5480000, 0x0000000100000000)
  eden space 126976K, 0% used [0x00000000eb380000,0x00000000eb380000,0x00000000f2f80000)
  from space 12800K, 99% used [0x00000000f4000000,0x00000000f4c7a710,0x00000000f4c80000)
  to   space 16896K, 0% used [0x00000000f2f80000,0x00000000f2f80000,0x00000000f4000000)
 ParOldGen       total 44032K, used 27224K [0x00000000c1a00000, 0x00000000c4500000, 0x00000000eb380000)
  object space 44032K, 61% used [0x00000000c1a00000,0x00000000c3496290,0x00000000c4500000)
 Metaspace       used 6598K, capacity 7256K, committed 7424K, reserved 1056768K
  class space    used 627K, capacity 656K, committed 768K, reserved 1048576K
}
Event: 3.532 GC heap before
{Heap before GC invocations=9 (full 0):
 PSYoungGen      total 139776K, used 139753K [0x00000000eb380000, 0x00000000f5480000, 0x0000000100000000)
  eden space 126976K, 100% used [0x00000000eb380000,0x00000000f2f80000,0x00000000f2f80000)
  from space 12800K, 99% used [0x00000000f4000000,0x00000000f4c7a710,0x00000000f4c80000)
  to   space 16896K, 0% used [0x00000000f2f80000,0x00000000f2f80000,0x00000000f4000000)
 ParOldGen       total 44032K, used 27224K [0x00000000c1a00000, 0x00000000c4500000, 0x00000000eb380000)
  object space 44032K, 61% used [0x00000000c1a00000,0x00000000c3496290,0x00000000c4500000)
 Metaspace       used 6718K, capacity 7288K, committed 7424K, reserved 1056768K
  class space    used 646K, capacity 688K, committed 768K, reserved 1048576K
Event: 3.587 GC heap after
Heap after GC invocations=9 (full 0):
 PSYoungGen      total 143872K, used 16881K [0x00000000eb380000, 0x00000000fac00000, 0x0000000100000000)
  eden space 126976K, 0% used [0x00000000eb380000,0x00000000eb380000,0x00000000f2f80000)
  from space 16896K, 99% used [0x00000000f2f80000,0x00000000f3ffc678,0x00000000f4000000)
  to   space 25600K, 0% used [0x00000000f9300000,0x00000000f9300000,0x00000000fac00000)
 ParOldGen       total 44032K, used 42031K [0x00000000c1a00000, 0x00000000c4500000, 0x00000000eb380000)
  object space 44032K, 95% used [0x00000000c1a00000,0x00000000c430bcd0,0x00000000c4500000)
 Metaspace       used 6718K, capacity 7288K, committed 7424K, reserved 1056768K
  class space    used 646K, capacity 688K, committed 768K, reserved 1048576K
}
Event: 3.587 GC heap before
{Heap before GC invocations=10 (full 1):
 PSYoungGen      total 143872K, used 16881K [0x00000000eb380000, 0x00000000fac00000, 0x0000000100000000)
  eden space 126976K, 0% used [0x00000000eb380000,0x00000000eb380000,0x00000000f2f80000)
  from space 16896K, 99% used [0x00000000f2f80000,0x00000000f3ffc678,0x00000000f4000000)
  to   space 25600K, 0% used [0x00000000f9300000,0x00000000f9300000,0x00000000fac00000)
 ParOldGen       total 44032K, used 42031K [0x00000000c1a00000, 0x00000000c4500000, 0x00000000eb380000)
  object space 44032K, 95% used [0x00000000c1a00000,0x00000000c430bcd0,0x00000000c4500000)
 Metaspace       used 6718K, capacity 7288K, committed 7424K, reserved 1056768K
  class space    used 646K, capacity 688K, committed 768K, reserved 1048576K
Event: 4.005 GC heap after
Heap after GC invocations=10 (full 1):
 PSYoungGen      total 143872K, used 10709K [0x00000000eb380000, 0x00000000fac00000, 0x0000000100000000)
  eden space 126976K, 0% used [0x00000000eb380000,0x00000000eb380000,0x00000000f2f80000)
  from space 16896K, 63% used [0x00000000f2f80000,0x00000000f39f57d0,0x00000000f4000000)
  to   space 25600K, 0% used [0x00000000f9300000,0x00000000f9300000,0x00000000fac00000)
 ParOldGen       total 82944K, used 43984K [0x00000000c1a00000, 0x00000000c6b00000, 0x00000000eb380000)
  object space 82944K, 53% used [0x00000000c1a00000,0x00000000c44f4220,0x00000000c6b00000)
 Metaspace       used 6718K, capacity 7288K, committed 7424K, reserved 1056768K
  class space    used 646K, capacity 688K, committed 768K, reserved 1048576K
}

