# JRE version: Java(TM) SE Runtime Environment (8.0_131-b11) (build 1.8.0_131-b11)
# Java VM: Java HotSpot(TM) 64-Bit Server VM (25.131-b11 mixed mode windows-amd64 compressed oops)
Heap:
 PSYoungGen      total 224768K, used 186368K [0x00000000eb380000, 0x00000000fb480000, 0x0000000100000000)
  eden space 186368K, 100% used [0x00000000eb380000,0x00000000f6980000,0x00000000f6980000)
  from space 38400K, 0% used [0x00000000f8f00000,0x00000000f8f00000,0x00000000fb480000)
  to   space 28160K, 0% used [0x00000000f7180000,0x00000000f7180000,0x00000000f8d00000)
 ParOldGen       total 83968K, used 83749K [0x00000000c1a00000, 0x00000000c6c00000, 0x00000000eb380000)
  object space 83968K, 99% used [0x00000000c1a00000,0x00000000c6bc9428,0x00000000c6c00000)
 Metaspace       used 6781K, capacity 7352K, committed 7680K, reserved 1056768K
  class space    used 648K, capacity 688K, committed 768K, reserved 1048576K
GC Heap History (10 events):
Event: 8.813 GC heap after
Heap after GC invocations=15 (full 3):
 PSYoungGen      total 224768K, used 62756K [0x00000000eb380000, 0x00000000fb480000, 0x0000000100000000)
  eden space 186368K, 33% used [0x00000000eb380000,0x00000000ef0c92f0,0x00000000f6980000)
  from space 38400K, 0% used [0x00000000f8f00000,0x00000000f8f00000,0x00000000fb480000)
  to   space 28160K, 0% used [0x00000000f7180000,0x00000000f7180000,0x00000000f8d00000)
 ParOldGen       total 83968K, used 83931K [0x00000000c1a00000, 0x00000000c6c00000, 0x00000000eb380000)
  object space 83968K, 99% used [0x00000000c1a00000,0x00000000c6bf6f50,0x00000000c6c00000)
 Metaspace       used 6760K, capacity 7352K, committed 7680K, reserved 1056768K
  class space    used 647K, capacity 688K, committed 768K, reserved 1048576K
}
Event: 9.628 GC heap before
{Heap before GC invocations=16 (full 4):
 PSYoungGen      total 224768K, used 186368K [0x00000000eb380000, 0x00000000fb480000, 0x0000000100000000)
  eden space 186368K, 100% used [0x00000000eb380000,0x00000000f6980000,0x00000000f6980000)
  from space 38400K, 0% used [0x00000000f8f00000,0x00000000f8f00000,0x00000000fb480000)
  to   space 28160K, 0% used [0x00000000f7180000,0x00000000f7180000,0x00000000f8d00000)
 ParOldGen       total 83968K, used 83931K [0x00000000c1a00000, 0x00000000c6c00000, 0x00000000eb380000)
  object space 83968K, 99% used [0x00000000c1a00000,0x00000000c6bf6f50,0x00000000c6c00000)
 Metaspace       used 6767K, capacity 7352K, committed 7680K, reserved 1056768K
  class space    used 648K, capacity 688K, committed 768K, reserved 1048576K
Event: 10.173 GC heap after
Heap after GC invocations=16 (full 4):
 PSYoungGen      total 224768K, used 79737K [0x00000000eb380000, 0x00000000fb480000, 0x0000000100000000)
  eden space 186368K, 42% used [0x00000000eb380000,0x00000000f015e5a0,0x00000000f6980000)
  from space 38400K, 0% used [0x00000000f8f00000,0x00000000f8f00000,0x00000000fb480000)
  to   space 28160K, 0% used [0x00000000f7180000,0x00000000f7180000,0x00000000f8d00000)
 ParOldGen       total 83968K, used 83758K [0x00000000c1a00000, 0x00000000c6c00000, 0x00000000eb380000)
  object space 83968K, 99% used [0x00000000c1a00000,0x00000000c6bcb9e8,0x00000000c6c00000)
 Metaspace       used 6767K, capacity 7352K, committed 7680K, reserved 1056768K
  class space    used 648K, capacity 688K, committed 768K, reserved 1048576K
}
Event: 10.477 GC heap before
{Heap before GC invocations=17 (full 5):
 PSYoungGen      total 224768K, used 186368K [0x00000000eb380000, 0x00000000fb480000, 0x0000000100000000)
  eden space 186368K, 100% used [0x00000000eb380000,0x00000000f6980000,0x00000000f6980000)
  from space 38400K, 0% used [0x00000000f8f00000,0x00000000f8f00000,0x00000000fb480000)
  to   space 28160K, 0% used [0x00000000f7180000,0x00000000f7180000,0x00000000f8d00000)
 ParOldGen       total 83968K, used 83758K [0x00000000c1a00000, 0x00000000c6c00000, 0x00000000eb380000)
  object space 83968K, 99% used [0x00000000c1a00000,0x00000000c6bcb9e8,0x00000000c6c00000)
 Metaspace       used 6772K, capacity 7352K, committed 7680K, reserved 1056768K
  class space    used 648K, capacity 688K, committed 768K, reserved 1048576K
Event: 11.014 GC heap after
Heap after GC invocations=17 (full 5):
 PSYoungGen      total 224768K, used 94452K [0x00000000eb380000, 0x00000000fb480000, 0x0000000100000000)
  eden space 186368K, 50% used [0x00000000eb380000,0x00000000f0fbd190,0x00000000f6980000)
  from space 38400K, 0% used [0x00000000f8f00000,0x00000000f8f00000,0x00000000fb480000)
  to   space 28160K, 0% used [0x00000000f7180000,0x00000000f7180000,0x00000000f8d00000)
 ParOldGen       total 83968K, used 83757K [0x00000000c1a00000, 0x00000000c6c00000, 0x00000000eb380000)
  object space 83968K, 99% used [0x00000000c1a00000,0x00000000c6bcb708,0x00000000c6c00000)
 Metaspace       used 6772K, capacity 7352K, committed 7680K, reserved 1056768K
  class space    used 648K, capacity 688K, committed 768K, reserved 1048576K
}
Event: 11.267 GC heap before
{Heap before GC invocations=18 (full 6):
 PSYoungGen      total 224768K, used 186368K [0x00000000eb380000, 0x00000000fb480000, 0x0000000100000000)
  eden space 186368K, 100% used [0x00000000eb380000,0x00000000f6980000,0x00000000f6980000)
  from space 38400K, 0% used [0x00000000f8f00000,0x00000000f8f00000,0x00000000fb480000)
  to   space 28160K, 0% used [0x00000000f7180000,0x00000000f7180000,0x00000000f8d00000)
 ParOldGen       total 83968K, used 83757K [0x00000000c1a00000, 0x00000000c6c00000, 0x00000000eb380000)
  object space 83968K, 99% used [0x00000000c1a00000,0x00000000c6bcb708,0x00000000c6c00000)
 Metaspace       used 6778K, capacity 7352K, committed 7680K, reserved 1056768K
  class space    used 648K, capacity 688K, committed 768K, reserved 1048576K
Event: 11.868 GC heap after
Heap after GC invocations=18 (full 6):
 PSYoungGen      total 224768K, used 106925K [0x00000000eb380000, 0x00000000fb480000, 0x0000000100000000)
  eden space 186368K, 57% used [0x00000000eb380000,0x00000000f1beb478,0x00000000f6980000)
  from space 38400K, 0% used [0x00000000f8f00000,0x00000000f8f00000,0x00000000fb480000)
  to   space 28160K, 0% used [0x00000000f7180000,0x00000000f7180000,0x00000000f8d00000)
 ParOldGen       total 83968K, used 83749K [0x00000000c1a00000, 0x00000000c6c00000, 0x00000000eb380000)
  object space 83968K, 99% used [0x00000000c1a00000,0x00000000c6bc9708,0x00000000c6c00000)
 Metaspace       used 6778K, capacity 7352K, committed 7680K, reserved 1056768K
  class space    used 648K, capacity 688K, committed 768K, reserved 1048576K
}
Event: 12.322 GC heap before
{Heap before GC invocations=19 (full 7):
 PSYoungGen      total 224768K, used 186368K [0x00000000eb380000, 0x00000000fb480000, 0x0000000100000000)
  eden space 186368K, 100% used [0x00000000eb380000,0x00000000f6980000,0x00000000f6980000)
  from space 38400K, 0% used [0x00000000f8f00000,0x00000000f8f00000,0x00000000fb480000)
  to   space 28160K, 0% used [0x00000000f7180000,0x00000000f7180000,0x00000000f8d00000)
 ParOldGen       total 83968K, used 83749K [0x00000000c1a00000, 0x00000000c6c00000, 0x00000000eb380000)
  object space 83968K, 99% used [0x00000000c1a00000,0x00000000c6bc9708,0x00000000c6c00000)
 Metaspace       used 6778K, capacity 7352K, committed 7680K, reserved 1056768K
  class space    used 648K, capacity 688K, committed 768K, reserved 1048576K
Event: 12.959 GC heap after
Heap after GC invocations=19 (full 7):
 PSYoungGen      total 224768K, used 117941K [0x00000000eb380000, 0x00000000fb480000, 0x0000000100000000)
  eden space 186368K, 63% used [0x00000000eb380000,0x00000000f26ad4b8,0x00000000f6980000)
  from space 38400K, 0% used [0x00000000f8f00000,0x00000000f8f00000,0x00000000fb480000)
  to   space 28160K, 0% used [0x00000000f7180000,0x00000000f7180000,0x00000000f8d00000)
 ParOldGen       total 83968K, used 83749K [0x00000000c1a00000, 0x00000000c6c00000, 0x00000000eb380000)
  object space 83968K, 99% used [0x00000000c1a00000,0x00000000c6bc9428,0x00000000c6c00000)
 Metaspace       used 6778K, capacity 7352K, committed 7680K, reserved 1056768K
  class space    used 648K, capacity 688K, committed 768K, reserved 1048576K
}
Event: 13.225 GC heap before
{Heap before GC invocations=20 (full 8):
 PSYoungGen      total 224768K, used 186368K [0x00000000eb380000, 0x00000000fb480000, 0x0000000100000000)
  eden space 186368K, 100% used [0x00000000eb380000,0x00000000f6980000,0x00000000f6980000)
  from space 38400K, 0% used [0x00000000f8f00000,0x00000000f8f00000,0x00000000fb480000)
  to   space 28160K, 0% used [0x00000000f7180000,0x00000000f7180000,0x00000000f8d00000)
 ParOldGen       total 83968K, used 83749K [0x00000000c1a00000, 0x00000000c6c00000, 0x00000000eb380000)
  object space 83968K, 99% used [0x00000000c1a00000,0x00000000c6bc9428,0x00000000c6c00000)
 Metaspace       used 6781K, capacity 7352K, committed 7680K, reserved 1056768K
  class space    used 648K, capacity 688K, committed 768K, reserved 1048576K

